CRITICAL - 2023-09-30 09:23:53 --> Undefined array key "id"
in APPPATH\Controllers\ProductController.php on line 25.
 1 APPPATH\Controllers\ProductController.php(25): CodeIgniter\Debug\Exceptions->errorHandler(2, 'Undefined array key "id"', 'C:\\laragon\\www\\commerce\\app\\Controllers\\ProductController.php', 25)
 2 SYSTEMPATH\CodeIgniter.php(919): App\Controllers\ProductController->save()
 3 SYSTEMPATH\CodeIgniter.php(494): CodeIgniter\CodeIgniter->runController(Object(App\Controllers\ProductController))
 4 SYSTEMPATH\CodeIgniter.php(353): CodeIgniter\CodeIgniter->handleRequest(null, Object(Config\Cache), false)
 5 FCPATH\index.php(79): CodeIgniter\CodeIgniter->run()
 6 SYSTEMPATH\Commands\Server\rewrite.php(47): require_once('C:\\laragon\\www\\commerce\\public\\index.php')
CRITICAL - 2023-09-30 09:40:57 --> Undefined variable $product
in APPPATH\Views\pages\products.php on line 122.
 1 APPPATH\Views\pages\products.php(122): CodeIgniter\Debug\Exceptions->errorHandler(2, 'Undefined variable $product', 'C:\\laragon\\www\\commerce\\app\\Views\\pages\\products.php', 122)
 2 SYSTEMPATH\View\View.php(226): include('C:\\laragon\\www\\commerce\\app\\Views\\pages\\products.php')
 3 SYSTEMPATH\View\View.php(229): CodeIgniter\View\View->CodeIgniter\View\{closure}()
 4 SYSTEMPATH\Common.php(1188): CodeIgniter\View\View->render('pages/products', [], true)
 5 APPPATH\Controllers\ProductController.php(36): view('pages/products')
 6 SYSTEMPATH\CodeIgniter.php(919): App\Controllers\ProductController->save()
 7 SYSTEMPATH\CodeIgniter.php(494): CodeIgniter\CodeIgniter->runController(Object(App\Controllers\ProductController))
 8 SYSTEMPATH\CodeIgniter.php(353): CodeIgniter\CodeIgniter->handleRequest(null, Object(Config\Cache), false)
 9 FCPATH\index.php(79): CodeIgniter\CodeIgniter->run()
10 SYSTEMPATH\Commands\Server\rewrite.php(47): require_once('C:\\laragon\\www\\commerce\\public\\index.php')
CRITICAL - 2023-09-30 09:47:16 --> Invalid file: "pages/product.php"
in SYSTEMPATH\Exceptions\FrameworkException.php on line 39.
 1 SYSTEMPATH\View\View.php(214): CodeIgniter\Exceptions\FrameworkException::forInvalidFile('pages/product.php')
 2 SYSTEMPATH\Common.php(1188): CodeIgniter\View\View->render('pages/product', [], true)
 3 APPPATH\Controllers\ProductController.php(24): view('pages/product', [...])
 4 SYSTEMPATH\CodeIgniter.php(919): App\Controllers\ProductController->view()
 5 SYSTEMPATH\CodeIgniter.php(494): CodeIgniter\CodeIgniter->runController(Object(App\Controllers\ProductController))
 6 SYSTEMPATH\CodeIgniter.php(353): CodeIgniter\CodeIgniter->handleRequest(null, Object(Config\Cache), false)
 7 FCPATH\index.php(79): CodeIgniter\CodeIgniter->run()
 8 SYSTEMPATH\Commands\Server\rewrite.php(47): require_once('C:\\laragon\\www\\commerce\\public\\index.php')
CRITICAL - 2023-09-30 09:47:19 --> Invalid file: "pages/product.php"
in SYSTEMPATH\Exceptions\FrameworkException.php on line 39.
 1 SYSTEMPATH\View\View.php(214): CodeIgniter\Exceptions\FrameworkException::forInvalidFile('pages/product.php')
 2 SYSTEMPATH\Common.php(1188): CodeIgniter\View\View->render('pages/product', [], true)
 3 APPPATH\Controllers\ProductController.php(24): view('pages/product', [...])
 4 SYSTEMPATH\CodeIgniter.php(919): App\Controllers\ProductController->view()
 5 SYSTEMPATH\CodeIgniter.php(494): CodeIgniter\CodeIgniter->runController(Object(App\Controllers\ProductController))
 6 SYSTEMPATH\CodeIgniter.php(353): CodeIgniter\CodeIgniter->handleRequest(null, Object(Config\Cache), false)
 7 FCPATH\index.php(79): CodeIgniter\CodeIgniter->run()
 8 SYSTEMPATH\Commands\Server\rewrite.php(47): require_once('C:\\laragon\\www\\commerce\\public\\index.php')
CRITICAL - 2023-09-30 10:07:55 --> Undefined array key "ProdId"
in APPPATH\Views\pages\products.php on line 131.
 1 APPPATH\Views\pages\products.php(131): CodeIgniter\Debug\Exceptions->errorHandler(2, 'Undefined array key "ProdId"', 'C:\\laragon\\www\\commerce\\app\\Views\\pages\\products.php', 131)
 2 SYSTEMPATH\View\View.php(226): include('C:\\laragon\\www\\commerce\\app\\Views\\pages\\products.php')
 3 SYSTEMPATH\View\View.php(229): CodeIgniter\View\View->CodeIgniter\View\{closure}()
 4 SYSTEMPATH\Common.php(1188): CodeIgniter\View\View->render('pages/products', [], true)
 5 APPPATH\Controllers\ProductController.php(21): view('pages/products', [...])
 6 SYSTEMPATH\CodeIgniter.php(919): App\Controllers\ProductController->view()
 7 SYSTEMPATH\CodeIgniter.php(494): CodeIgniter\CodeIgniter->runController(Object(App\Controllers\ProductController))
 8 SYSTEMPATH\CodeIgniter.php(353): CodeIgniter\CodeIgniter->handleRequest(null, Object(Config\Cache), false)
 9 FCPATH\index.php(79): CodeIgniter\CodeIgniter->run()
10 SYSTEMPATH\Commands\Server\rewrite.php(47): require_once('C:\\laragon\\www\\commerce\\public\\index.php')
CRITICAL - 2023-09-30 10:07:56 --> Undefined array key "ProdId"
in APPPATH\Views\pages\products.php on line 131.
 1 APPPATH\Views\pages\products.php(131): CodeIgniter\Debug\Exceptions->errorHandler(2, 'Undefined array key "ProdId"', 'C:\\laragon\\www\\commerce\\app\\Views\\pages\\products.php', 131)
 2 SYSTEMPATH\View\View.php(226): include('C:\\laragon\\www\\commerce\\app\\Views\\pages\\products.php')
 3 SYSTEMPATH\View\View.php(229): CodeIgniter\View\View->CodeIgniter\View\{closure}()
 4 SYSTEMPATH\Common.php(1188): CodeIgniter\View\View->render('pages/products', [], true)
 5 APPPATH\Controllers\ProductController.php(21): view('pages/products', [...])
 6 SYSTEMPATH\CodeIgniter.php(919): App\Controllers\ProductController->view()
 7 SYSTEMPATH\CodeIgniter.php(494): CodeIgniter\CodeIgniter->runController(Object(App\Controllers\ProductController))
 8 SYSTEMPATH\CodeIgniter.php(353): CodeIgniter\CodeIgniter->handleRequest(null, Object(Config\Cache), false)
 9 FCPATH\index.php(79): CodeIgniter\CodeIgniter->run()
10 SYSTEMPATH\Commands\Server\rewrite.php(47): require_once('C:\\laragon\\www\\commerce\\public\\index.php')
